Flow report for DE2_115_SD_Card_Audio_Player
Mon Jun 27 00:09:56 2022
Quartus Prime Version 21.1.0 Build 842 10/21/2021 SJ Lite Edition


---------------------
; Table of Contents ;
---------------------
  1. Legal Notice
  2. Flow Summary
  3. Flow Settings
  4. Flow Non-Default Global Settings
  5. Flow Elapsed Time
  6. Flow OS Summary
  7. Flow Log
  8. Flow Messages
  9. Flow Suppressed Messages



----------------
; Legal Notice ;
----------------
Copyright (C) 2021  Intel Corporation. All rights reserved.
Your use of Intel Corporation's design tools, logic functions 
and other software and tools, and any partner logic 
functions, and any output files from any of the foregoing 
(including device programming or simulation files), and any 
associated documentation or information are expressly subject 
to the terms and conditions of the Intel Program License 
Subscription Agreement, the Intel Quartus Prime License Agreement,
the Intel FPGA IP License Agreement, or other applicable license
agreement, including, without limitation, that your use is for
the sole purpose of programming logic devices manufactured by
Intel and sold by Intel or its authorized distributors.  Please
refer to the applicable agreement for further details, at
https://fpgasoftware.intel.com/eula.



+----------------------------------------------------------------------------------+
; Flow Summary                                                                     ;
+------------------------------------+---------------------------------------------+
; Flow Status                        ; Successful - Mon Jun 27 00:09:49 2022       ;
; Quartus Prime Version              ; 21.1.0 Build 842 10/21/2021 SJ Lite Edition ;
; Revision Name                      ; DE2_115_SD_Card_Audio_Player                ;
; Top-level Entity Name              ; DE2_115_SD_Card_Audio_Player                ;
; Family                             ; Cyclone IV E                                ;
; Device                             ; EP4CE115F29C7                               ;
; Timing Models                      ; Final                                       ;
; Total logic elements               ; 6,178 / 114,480 ( 5 % )                     ;
;     Total combinational functions  ; 5,262 / 114,480 ( 5 % )                     ;
;     Dedicated logic registers      ; 3,759 / 114,480 ( 3 % )                     ;
; Total registers                    ; 3809                                        ;
; Total pins                         ; 281 / 529 ( 53 % )                          ;
; Total virtual pins                 ; 0                                           ;
; Total memory bits                  ; 2,187,776 / 3,981,312 ( 55 % )              ;
; Embedded Multiplier 9-bit elements ; 4 / 532 ( < 1 % )                           ;
; Total PLLs                         ; 2 / 4 ( 50 % )                              ;
+------------------------------------+---------------------------------------------+


+--------------------------------------------------+
; Flow Settings                                    ;
+-------------------+------------------------------+
; Option            ; Setting                      ;
+-------------------+------------------------------+
; Start date & time ; 06/26/2022 23:49:07          ;
; Main task         ; Compilation                  ;
; Revision Name     ; DE2_115_SD_Card_Audio_Player ;
+-------------------+------------------------------+


+-------------------------------------------------------------------------------------------------------------------------+
; Flow Non-Default Global Settings                                                                                        ;
+-------------------------------------+----------------------------------------+---------------+-------------+------------+
; Assignment Name                     ; Value                                  ; Default Value ; Entity Name ; Section Id ;
+-------------------------------------+----------------------------------------+---------------+-------------+------------+
; COMPILER_SIGNATURE_ID               ; 145320168748674.165628014729756        ; --            ; --          ; --         ;
; MAX_CORE_JUNCTION_TEMP              ; 85                                     ; --            ; --          ; --         ;
; MIN_CORE_JUNCTION_TEMP              ; 0                                      ; --            ; --          ; --         ;
; NOMINAL_CORE_SUPPLY_VOLTAGE         ; 1.2V                                   ; --            ; --          ; --         ;
; NUM_PARALLEL_PROCESSORS             ; 2                                      ; --            ; --          ; --         ;
; PARTITION_COLOR                     ; -- (Not supported for targeted family) ; --            ; --          ; Top        ;
; PARTITION_FITTER_PRESERVATION_LEVEL ; -- (Not supported for targeted family) ; --            ; --          ; Top        ;
; PARTITION_NETLIST_TYPE              ; -- (Not supported for targeted family) ; --            ; --          ; Top        ;
; SMART_RECOMPILE                     ; On                                     ; Off           ; --          ; --         ;
; SOPC_BUILDER_SIGNATURE_ID           ; E0cb4ec8057900000129abd51eb3           ; --            ; --          ; --         ;
+-------------------------------------+----------------------------------------+---------------+-------------+------------+


+--------------------------------------------------------------------------------------------------------------------------+
; Flow Elapsed Time                                                                                                        ;
+----------------------+--------------+-------------------------+---------------------+------------------------------------+
; Module Name          ; Elapsed Time ; Average Processors Used ; Peak Virtual Memory ; Total CPU Time (on all processors) ;
+----------------------+--------------+-------------------------+---------------------+------------------------------------+
; Analysis & Synthesis ; 00:00:44     ; 1.0                     ; 4953 MB             ; 00:01:03                           ;
; Fitter               ; 00:01:14     ; 1.0                     ; 5547 MB             ; 00:01:36                           ;
; Assembler            ; 00:00:04     ; 1.0                     ; 4756 MB             ; 00:00:04                           ;
; Timing Analyzer      ; 00:00:06     ; 1.2                     ; 4941 MB             ; 00:00:06                           ;
; Fitter               ; 00:01:14     ; 1.0                     ; 5558 MB             ; 00:01:37                           ;
; Assembler            ; 00:00:04     ; 1.0                     ; 4766 MB             ; 00:00:04                           ;
; Timing Analyzer      ; 00:00:06     ; 1.2                     ; 4954 MB             ; 00:00:07                           ;
; Total                ; 00:03:32     ; --                      ; --                  ; 00:04:37                           ;
+----------------------+--------------+-------------------------+---------------------+------------------------------------+


+------------------------------------------------------------------------------------+
; Flow OS Summary                                                                    ;
+----------------------+------------------+------------+------------+----------------+
; Module Name          ; Machine Hostname ; OS Name    ; OS Version ; Processor type ;
+----------------------+------------------+------------+------------+----------------+
; Analysis & Synthesis ; LAPTOP-CRIBLT0A  ; Windows 10 ; 10.0       ; x86_64         ;
; Fitter               ; LAPTOP-CRIBLT0A  ; Windows 10 ; 10.0       ; x86_64         ;
; Assembler            ; LAPTOP-CRIBLT0A  ; Windows 10 ; 10.0       ; x86_64         ;
; Timing Analyzer      ; LAPTOP-CRIBLT0A  ; Windows 10 ; 10.0       ; x86_64         ;
; Fitter               ; LAPTOP-CRIBLT0A  ; Windows 10 ; 10.0       ; x86_64         ;
; Assembler            ; LAPTOP-CRIBLT0A  ; Windows 10 ; 10.0       ; x86_64         ;
; Timing Analyzer      ; LAPTOP-CRIBLT0A  ; Windows 10 ; 10.0       ; x86_64         ;
+----------------------+------------------+------------+------------+----------------+


------------
; Flow Log ;
------------
quartus_map --read_settings_files=on --write_settings_files=off DE2_115_SD_Card_Audio_Player -c DE2_115_SD_Card_Audio_Player
quartus_fit --read_settings_files=off --write_settings_files=off DE2_115_SD_Card_Audio_Player -c DE2_115_SD_Card_Audio_Player
quartus_asm --read_settings_files=off --write_settings_files=off DE2_115_SD_Card_Audio_Player -c DE2_115_SD_Card_Audio_Player
quartus_sta DE2_115_SD_Card_Audio_Player -c DE2_115_SD_Card_Audio_Player
quartus_fit --read_settings_files=on --write_settings_files=off DE2_115_SD_Card_Audio_Player -c DE2_115_SD_Card_Audio_Player
quartus_asm --read_settings_files=off --write_settings_files=off DE2_115_SD_Card_Audio_Player -c DE2_115_SD_Card_Audio_Player
quartus_sta DE2_115_SD_Card_Audio_Player -c DE2_115_SD_Card_Audio_Player



